<?xml version="1.0" encoding="UTF-8"?>
<!-- Generated by org.testng.reporters.JUnitReportReporter -->
<testsuite skipped="0" hostname="KATAKURI.local" name="testPackage.JavaObjModel1.RobotsTest" tests="1" failures="0" timestamp="20 Dec 2018 07:39:28 GMT" time="6.580" errors="0">
  <testcase name="robots" time="6.580" classname="testPackage.JavaObjModel1.RobotsTest"/>
</testsuite> <!-- testPackage.JavaObjModel1.RobotsTest -->
