<?xml version="1.0" encoding="UTF-8"?>
<!-- Generated by org.testng.reporters.JUnitReportReporter -->
<testsuite skipped="14" hostname="KATAKURI.local" name="tests.CategoryTests" tests="15" failures="0" timestamp="12 Jul 2019 07:48:22 GMT" time="51.359" errors="0">
  <testcase name="clickon1subcategory1111" time="51.359" classname="tests.CategoryTests"/>
  <testcase name="getWeddingSubcategories" classname="tests.CategoryTests">
    <skipped/>
  </testcase> <!-- getWeddingSubcategories -->
  <testcase name="getEntertainmentSubcategories" classname="tests.CategoryTests">
    <skipped/>
  </testcase> <!-- getEntertainmentSubcategories -->
  <testcase name="openNewTab" classname="tests.CategoryTests">
    <skipped/>
  </testcase> <!-- openNewTab -->
  <testcase name="getLifestyleSubcategories" classname="tests.CategoryTests">
    <skipped/>
  </testcase> <!-- getLifestyleSubcategories -->
  <testcase name="getBeautySubcategories" classname="tests.CategoryTests">
    <skipped/>
  </testcase> <!-- getBeautySubcategories -->
  <testcase name="clickonEntertainmenttest" classname="tests.CategoryTests">
    <skipped/>
  </testcase> <!-- clickonEntertainmenttest -->
  <testcase name="clickonWeddingtest" classname="tests.CategoryTests">
    <skipped/>
  </testcase> <!-- clickonWeddingtest -->
  <testcase name="getFashionSubcategories" classname="tests.CategoryTests">
    <skipped/>
  </testcase> <!-- getFashionSubcategories -->
  <testcase name="clickonWellnesstest" classname="tests.CategoryTests">
    <skipped/>
  </testcase> <!-- clickonWellnesstest -->
  <testcase name="languagedropdown" classname="tests.CategoryTests">
    <skipped/>
  </testcase> <!-- languagedropdown -->
  <testcase name="clickonBeautytest" classname="tests.CategoryTests">
    <skipped/>
  </testcase> <!-- clickonBeautytest -->
  <testcase name="clickonFashiontest" classname="tests.CategoryTests">
    <skipped/>
  </testcase> <!-- clickonFashiontest -->
  <testcase name="clickonLifestyletest" classname="tests.CategoryTests">
    <skipped/>
  </testcase> <!-- clickonLifestyletest -->
  <testcase name="getWellnessSubcategories" classname="tests.CategoryTests">
    <skipped/>
  </testcase> <!-- getWellnessSubcategories -->
</testsuite> <!-- tests.CategoryTests -->
