<?xml version="1.0" encoding="UTF-8"?>
<!-- Generated by org.testng.reporters.JUnitReportReporter -->
<testsuite skipped="2" hostname="KATAKURI.local" name="pagesPackage.JavaObjModel1.LoginPopxo" tests="3" failures="0" timestamp="20 Jun 2019 11:09:36 GMT" time="68.807" errors="0">
  <testcase name="ContinueWithFacebook" time="68.807" classname="pagesPackage.JavaObjModel1.LoginPopxo"/>
  <testcase name="ContinueWithGmail" classname="pagesPackage.JavaObjModel1.LoginPopxo">
    <skipped/>
  </testcase> <!-- ContinueWithGmail -->
  <testcase name="ContinueWithEmail" classname="pagesPackage.JavaObjModel1.LoginPopxo">
    <skipped/>
  </testcase> <!-- ContinueWithEmail -->
</testsuite> <!-- pagesPackage.JavaObjModel1.LoginPopxo -->
