<?xml version="1.0" encoding="UTF-8"?>
<!-- Generated by org.testng.reporters.JUnitReportReporter -->
<testsuite skipped="0" hostname="KATAKURI.local" name="testPackage.JavaObjModel1.TimeVerification" tests="1" failures="0" timestamp="07 Jan 2019 18:46:56 GMT" time="17.987" errors="0">
  <testcase name="fetchLabels" time="17.987" classname="testPackage.JavaObjModel1.TimeVerification"/>
</testsuite> <!-- testPackage.JavaObjModel1.TimeVerification -->
