<?xml version="1.0" encoding="UTF-8"?>
<!-- Generated by org.testng.reporters.JUnitReportReporter -->
<testsuite skipped="2" hostname="KATAKURI.local" name="testPackage.JavaObjModel1.LoginPopxo" tests="3" failures="0" timestamp="18 Jun 2019 08:46:24 GMT" time="88.823" errors="0">
  <testcase name="ContinueWithFacebook" time="88.823" classname="testPackage.JavaObjModel1.LoginPopxo"/>
  <testcase name="ContinueWithEmail" classname="testPackage.JavaObjModel1.LoginPopxo">
    <skipped/>
  </testcase> <!-- ContinueWithEmail -->
  <testcase name="ContinueWithGmail" classname="testPackage.JavaObjModel1.LoginPopxo">
    <skipped/>
  </testcase> <!-- ContinueWithGmail -->
</testsuite> <!-- testPackage.JavaObjModel1.LoginPopxo -->
