<?xml version="1.0" encoding="UTF-8"?>
<!-- Generated by org.testng.reporters.JUnitReportReporter -->
<testsuite skipped="0" hostname="KATAKURI.local" name="Utilities.DateClass" tests="1" failures="0" timestamp="08 Jan 2019 06:44:57 GMT" time="0.033" errors="0">
  <testcase name="getCurrentDate" time="0.033" classname="Utilities.DateClass"/>
</testsuite> <!-- Utilities.DateClass -->
